Arguments: 
  /usr/local/bin/node /usr/local/bin/yarn start

PATH: 
  /Users/jdwelch/.rbenv/shims:/Users/jdwelch/google-cloud-sdk/bin:/Users/jdwelch/go/bin:/usr/local/bin:/usr/bin:/bin:/usr/sbin:/sbin:/Applications/VMware Fusion.app/Contents/Public:/usr/local/MacGPG2/bin:/opt/puppetlabs/bin:/usr/local/munki:/opt/puppetlabs/pdk/bin:/Users/jdwelch/.antigen/bundles/zsh-users/zsh-syntax-highlighting:/Users/jdwelch/.antigen/bundles/zsh-users/zsh-completions/src:/Users/jdwelch/.antigen/bundles/robbyrussell/oh-my-zsh/plugins/git:/Users/jdwelch/.dotfiles/bin:Users/jdwelch/bin::/usr/local/opt/fzf/bin

Yarn version: 
  1.3.2

Node version: 
  8.9.4

Platform: 
  darwin x64

npm manifest: 
  {
    "name": "node-express",
    "version": "1.0.0",
    "main": "app.js",
    "repository": "git@github.com:jdwelch/node-express.git",
    "author": "JD Welch <jdwelch@puppet.com>",
    "license": "MIT",
    "scripts": {
      "start": "node app.js",
    }
  }

yarn manifest: 
  No manifest

Lockfile: 
  # THIS IS AN AUTOGENERATED FILE. DO NOT EDIT THIS FILE DIRECTLY.
  # yarn lockfile v1

Trace: 
  SyntaxError: /Users/jdwelch/src/node-express/package.json: Unexpected token } in JSON at position 239
      at JSON.parse (<anonymous>)
      at /usr/local/lib/node_modules/yarn/lib/cli.js:770:59
      at Generator.next (<anonymous>)
      at step (/usr/local/lib/node_modules/yarn/lib/cli.js:92:30)
      at /usr/local/lib/node_modules/yarn/lib/cli.js:103:13
      at <anonymous>
